<?xml version="1.0" encoding="UTF-8"?>
<!-- Generated by org.testng.reporters.JUnitXMLReporter -->
<testsuite ignored="0" hostname="INMH102002" failures="1" tests="3" name="Test" time="13.153" errors="0" timestamp="2025-04-21T17:16:15 IST">
  <testcase classname="TestNG.ParamTest" name="testLogo" time="1.944">
    <failure type="junit.framework.AssertionFailedError" message="expected:&amp;lt;false&amp;gt; but was:&amp;lt;true&amp;gt;">
      <![CDATA[junit.framework.AssertionFailedError: expected:<false> but was:<true>
at junit.framework.Assert.fail(Assert.java:47)
at junit.framework.Assert.failNotEquals(Assert.java:282)
at junit.framework.Assert.assertEquals(Assert.java:64)
at junit.framework.Assert.assertEquals(Assert.java:149)
at junit.framework.Assert.assertEquals(Assert.java:155)
at TestNG.ParamTest.testLogo(ParamTest.java:31)
at java.base/java.util.ArrayList.forEach(ArrayList.java:1511)
... Removed 27 stack frames]]>
    </failure>
  </testcase> <!-- testLogo -->
  <testcase classname="TestNG.ParamTest" name="testTitle" time="0.029"/>
  <testcase classname="TestNG.ParamTest" name="testURL" time="0.034"/>
</testsuite> <!-- Test -->
