<?xml version="1.0" encoding="UTF-8"?>
<testng-results ignored="0" total="1" passed="1" failed="0" skipped="0">
  <reporter-output>
  </reporter-output>
  <suite started-at="2025-04-22T16:05:04 IST" name="Default suite" finished-at="2025-04-22T16:06:11 IST" duration-ms="67485">
    <groups>
    </groups>
    <test started-at="2025-04-22T16:05:04 IST" name="Default test" finished-at="2025-04-22T16:06:11 IST" duration-ms="67485">
      <class name="RVT.BOM">
        <test-method signature="Bom()[pri:0, instance:RVT.BOM@3059cbc]" started-at="2025-04-22T16:05:04 IST" name="Bom" finished-at="2025-04-22T16:06:11 IST" duration-ms="67452" status="PASS">
          <reporter-output>
          </reporter-output>
        </test-method> <!-- Bom -->
      </class> <!-- RVT.BOM -->
    </test> <!-- Default test -->
  </suite> <!-- Default suite -->
</testng-results>
