<?xml version="1.0" encoding="UTF-8"?>
<!-- Generated by org.testng.reporters.JUnitXMLReporter -->
<testsuite ignored="0" hostname="INMH102002" failures="1" tests="7" name="Test" time="53.855" errors="0" timestamp="2025-04-17T15:39:16 IST">
  <testcase classname="testCases.TC001_AccountRegistrationTest" name="verify_account_registration" time="3.623"/>
  <testcase classname="testCases.TC002_LoginTest" name="verify_login" time="1.103"/>
  <testcase classname="testCases.TC003_LoginDDT" name="verify_loginDDT" time="1.07"/>
  <testcase classname="testCases.TC003_LoginDDT" name="verify_loginDDT" time="10.406"/>
  <testcase classname="testCases.TC003_LoginDDT" name="verify_loginDDT" time="10.611"/>
  <testcase classname="testCases.TC003_LoginDDT" name="verify_loginDDT" time="10.826"/>
  <testcase classname="testCases.TC003_LoginDDT" name="verify_loginDDT" time="0.279">
    <failure type="java.lang.IllegalArgumentException" message="Keys to send should be a not null CharSequence">
      <![CDATA[java.lang.IllegalArgumentException: Keys to send should be a not null CharSequence
at org.openqa.selenium.remote.RemoteWebElement.sendKeys(RemoteWebElement.java:97)
at org.openqa.selenium.support.pagefactory.internal.LocatingElementHandler.invoke(LocatingElementHandler.java:51)
at jdk.proxy2/jdk.proxy2.$Proxy29.sendKeys(Unknown Source)
at pageObjects.LoginPage.setEmail(LoginPage.java:24)
at testCases.TC003_LoginDDT.verify_loginDDT(TC003_LoginDDT.java:23)
at java.base/java.util.ArrayList.forEach(ArrayList.java:1511)
... Removed 30 stack frames]]>
    </failure>
  </testcase> <!-- verify_loginDDT -->
</testsuite> <!-- Test -->
