<?xml version="1.0" encoding="UTF-8"?>
<!-- Generated by org.testng.reporters.JUnitReportReporter -->
<testsuite hostname="INMH102002" failures="0" tests="2" name="GroupingTestNG.PaymentTest" time="0.002" errors="0" timestamp="2025-03-20T00:22:51 IST" skipped="0">
  <testcase classname="GroupingTestNG.PaymentTest" name="paymentrupee" time="0.001"/>
  <system-out/>
  <testcase classname="GroupingTestNG.PaymentTest" name="paymentdoller" time="0.001"/>
  <system-out/>
</testsuite> <!-- GroupingTestNG.PaymentTest -->
